10 Dec, 2022 12:50:16 - info: Connecting to db: mongodb+srv://tantiv4:tantiv4@cluster0.hlyzu.mongodb.net/test
10 Dec, 2022 12:50:19 - info: Connected to MongoDB
10 Dec, 2022 12:50:19 - error: Settings are not available 
 Error: Settings are not available
    at startApp (C:\Users\Arshad\Downloads\back-end-staging\tantiv4\app.js:34:11)
    at process.processTicksAndRejections (node:internal/process/task_queues:95:5)
10 Dec, 2022 12:52:28 - info: Connecting to db: mongodb+srv://tantiv4:tantiv4@cluster0.hlyzu.mongodb.net/test
10 Dec, 2022 12:52:31 - info: Connected to MongoDB
10 Dec, 2022 12:52:32 - error: Settings are not available 
 Error: Settings are not available
    at startApp (C:\Users\Arshad\Downloads\back-end-staging\tantiv4\app.js:34:11)
    at process.processTicksAndRejections (node:internal/process/task_queues:95:5)
10 Dec, 2022 12:53:41 - info: Connecting to db: mongodb+srv://tantiv4:tantiv4@cluster0.hlyzu.mongodb.net/tantiv4
10 Dec, 2022 12:53:44 - info: Connected to MongoDB
10 Dec, 2022 12:53:45 - info: Listening on port - 8081
10 Dec, 2022 13:02:11 - info: Connecting to db: mongodb+srv://tantiv4:tantiv4@cluster0.hlyzu.mongodb.net/tantiv4
10 Dec, 2022 13:02:14 - info: Connected to MongoDB
10 Dec, 2022 13:02:14 - info: Listening on port - 8081
10 Dec, 2022 13:02:35 - info: Connecting to db: mongodb+srv://tantiv4:tantiv4@cluster0.hlyzu.mongodb.net/tantiv4
10 Dec, 2022 13:02:37 - info: Connected to MongoDB
10 Dec, 2022 13:02:38 - info: Listening on port - 8081
10 Dec, 2022 13:03:32 - info: Connecting to db: mongodb+srv://tantiv4:tantiv4@cluster0.hlyzu.mongodb.net/tantiv4
10 Dec, 2022 13:03:34 - info: Connecting to db: mongodb+srv://tantiv4:tantiv4@cluster0.hlyzu.mongodb.net/tantiv4
10 Dec, 2022 13:03:36 - info: Connected to MongoDB
10 Dec, 2022 13:03:37 - info: Listening on port - 8081
10 Dec, 2022 13:05:03 - info: Connecting to db: mongodb+srv://tantiv4:tantiv4@cluster0.hlyzu.mongodb.net/tantiv4
10 Dec, 2022 13:05:06 - info: Connected to MongoDB
10 Dec, 2022 13:05:06 - info: Listening on port - 8081
10 Dec, 2022 13:05:46 - info: Connecting to db: mongodb+srv://tantiv4:tantiv4@cluster0.hlyzu.mongodb.net/tantiv4
10 Dec, 2022 13:05:49 - info: Connected to MongoDB
10 Dec, 2022 13:05:49 - info: Listening on port - 8081
10 Dec, 2022 13:06:09 - info: Connecting to db: mongodb+srv://tantiv4:tantiv4@cluster0.hlyzu.mongodb.net/tantiv4
10 Dec, 2022 13:06:12 - info: Connected to MongoDB
10 Dec, 2022 13:06:12 - info: Listening on port - 8081
10 Dec, 2022 13:06:41 - info: Connecting to db: mongodb+srv://tantiv4:tantiv4@cluster0.hlyzu.mongodb.net/tantiv4
10 Dec, 2022 13:06:44 - info: Connected to MongoDB
10 Dec, 2022 13:06:44 - info: Listening on port - 8081
10 Dec, 2022 13:07:57 - info: Connecting to db: mongodb+srv://tantiv4:tantiv4@cluster0.hlyzu.mongodb.net/tantiv4
10 Dec, 2022 13:08:00 - info: Connected to MongoDB
10 Dec, 2022 13:08:01 - info: Listening on port - 8081
10 Dec, 2022 13:09:11 - info: Connecting to db: mongodb+srv://tantiv4:tantiv4@cluster0.hlyzu.mongodb.net/tantiv4
10 Dec, 2022 13:09:14 - info: Connected to MongoDB
10 Dec, 2022 13:09:15 - info: Listening on port - 8081
10 Dec, 2022 13:29:13 - info: Connecting to db: mongodb+srv://tantiv4:tantiv4@cluster0.hlyzu.mongodb.net/tantiv4
10 Dec, 2022 13:29:16 - info: Connected to MongoDB
10 Dec, 2022 13:29:17 - info: Listening on port - 8081
10 Dec, 2022 13:29:32 - info: Connecting to db: mongodb+srv://tantiv4:tantiv4@cluster0.hlyzu.mongodb.net/tantiv4
10 Dec, 2022 13:29:35 - info: Connected to MongoDB
10 Dec, 2022 13:29:36 - info: Listening on port - 8081
10 Dec, 2022 13:29:39 - info: Connecting to db: mongodb+srv://tantiv4:tantiv4@cluster0.hlyzu.mongodb.net/tantiv4
10 Dec, 2022 13:29:42 - info: Connected to MongoDB
10 Dec, 2022 13:29:43 - info: Listening on port - 8081
10 Dec, 2022 13:30:11 - info: Connecting to db: mongodb+srv://tantiv4:tantiv4@cluster0.hlyzu.mongodb.net/tantiv4
10 Dec, 2022 13:30:13 - info: Connected to MongoDB
10 Dec, 2022 13:30:14 - info: Listening on port - 8081
10 Dec, 2022 13:30:18 - info: Connecting to db: mongodb+srv://tantiv4:tantiv4@cluster0.hlyzu.mongodb.net/tantiv4
10 Dec, 2022 13:30:21 - info: Connected to MongoDB
10 Dec, 2022 13:30:21 - info: Listening on port - 8081
10 Dec, 2022 13:30:23 - info: Connecting to db: mongodb+srv://tantiv4:tantiv4@cluster0.hlyzu.mongodb.net/tantiv4
10 Dec, 2022 13:30:26 - info: Connected to MongoDB
10 Dec, 2022 13:30:27 - info: Listening on port - 8081
10 Dec, 2022 13:30:56 - info: Connecting to db: mongodb+srv://tantiv4:tantiv4@cluster0.hlyzu.mongodb.net/tantiv4
10 Dec, 2022 13:30:59 - info: Connected to MongoDB
10 Dec, 2022 13:31:00 - info: Listening on port - 8081
10 Dec, 2022 13:31:15 - info: Connecting to db: mongodb+srv://tantiv4:tantiv4@cluster0.hlyzu.mongodb.net/tantiv4
10 Dec, 2022 13:31:17 - info: Connected to MongoDB
10 Dec, 2022 13:31:18 - info: Listening on port - 8081
10 Dec, 2022 13:31:32 - info: Connecting to db: mongodb+srv://tantiv4:tantiv4@cluster0.hlyzu.mongodb.net/tantiv4
10 Dec, 2022 13:31:34 - info: Connected to MongoDB
10 Dec, 2022 13:31:35 - info: Listening on port - 8081
10 Dec, 2022 13:31:40 - info: Connecting to db: mongodb+srv://tantiv4:tantiv4@cluster0.hlyzu.mongodb.net/tantiv4
10 Dec, 2022 13:31:43 - info: Connected to MongoDB
10 Dec, 2022 13:31:43 - info: Listening on port - 8081
10 Dec, 2022 13:31:52 - info: Connecting to db: mongodb+srv://tantiv4:tantiv4@cluster0.hlyzu.mongodb.net/tantiv4
10 Dec, 2022 13:31:54 - info: Connected to MongoDB
10 Dec, 2022 13:31:55 - info: Listening on port - 8081
10 Dec, 2022 13:32:01 - info: Connecting to db: mongodb+srv://tantiv4:tantiv4@cluster0.hlyzu.mongodb.net/tantiv4
10 Dec, 2022 13:32:05 - info: Connected to MongoDB
10 Dec, 2022 13:32:06 - info: Listening on port - 8081
10 Dec, 2022 13:32:12 - info: Connecting to db: mongodb+srv://tantiv4:tantiv4@cluster0.hlyzu.mongodb.net/tantiv4
10 Dec, 2022 13:32:14 - info: Connected to MongoDB
10 Dec, 2022 13:32:15 - info: Listening on port - 8081
10 Dec, 2022 13:32:52 - info: Connecting to db: mongodb+srv://tantiv4:tantiv4@cluster0.hlyzu.mongodb.net/tantiv4
10 Dec, 2022 13:32:54 - info: Connecting to db: mongodb+srv://tantiv4:tantiv4@cluster0.hlyzu.mongodb.net/tantiv4
10 Dec, 2022 13:32:57 - info: Connected to MongoDB
10 Dec, 2022 13:32:58 - info: Listening on port - 8081
10 Dec, 2022 14:17:28 - info: Connecting to db: mongodb+srv://tantiv4:tantiv4@cluster0.hlyzu.mongodb.net/tantiv4
10 Dec, 2022 14:17:31 - info: Connected to MongoDB
10 Dec, 2022 14:17:31 - info: Listening on port - 8081
10 Dec, 2022 14:32:28 - info: Connecting to db: mongodb+srv://tantiv4:tantiv4@cluster0.hlyzu.mongodb.net/tantiv4
10 Dec, 2022 14:32:30 - info: Connected to MongoDB
10 Dec, 2022 14:32:31 - info: Listening on port - 8081
10 Dec, 2022 14:33:11 - info: Connecting to db: mongodb+srv://tantiv4:tantiv4@cluster0.hlyzu.mongodb.net/tantiv4
10 Dec, 2022 14:33:14 - info: Connected to MongoDB
10 Dec, 2022 14:33:14 - info: Listening on port - 8081
10 Dec, 2022 14:33:30 - info: Connecting to db: mongodb+srv://tantiv4:tantiv4@cluster0.hlyzu.mongodb.net/tantiv4
10 Dec, 2022 14:33:33 - info: Connected to MongoDB
10 Dec, 2022 14:33:33 - info: Listening on port - 8081
10 Dec, 2022 14:33:36 - info: Connecting to db: mongodb+srv://tantiv4:tantiv4@cluster0.hlyzu.mongodb.net/tantiv4
10 Dec, 2022 14:33:39 - info: Connected to MongoDB
10 Dec, 2022 14:33:40 - info: Listening on port - 8081
10 Dec, 2022 14:34:03 - info: Connecting to db: mongodb+srv://tantiv4:tantiv4@cluster0.hlyzu.mongodb.net/tantiv4
10 Dec, 2022 14:34:06 - info: Connected to MongoDB
10 Dec, 2022 14:34:06 - info: Listening on port - 8081
10 Dec, 2022 14:34:08 - info: Connecting to db: mongodb+srv://tantiv4:tantiv4@cluster0.hlyzu.mongodb.net/tantiv4
10 Dec, 2022 14:34:11 - info: Connected to MongoDB
10 Dec, 2022 14:34:12 - info: Listening on port - 8081
10 Dec, 2022 14:34:27 - info: Connecting to db: mongodb+srv://tantiv4:tantiv4@cluster0.hlyzu.mongodb.net/tantiv4
10 Dec, 2022 14:34:30 - info: Connected to MongoDB
10 Dec, 2022 14:34:30 - info: Listening on port - 8081
10 Dec, 2022 14:34:51 - info: Connecting to db: mongodb+srv://tantiv4:tantiv4@cluster0.hlyzu.mongodb.net/tantiv4
10 Dec, 2022 14:34:54 - info: Connected to MongoDB
10 Dec, 2022 14:34:54 - info: Listening on port - 8081
10 Dec, 2022 14:35:01 - info: Connecting to db: mongodb+srv://tantiv4:tantiv4@cluster0.hlyzu.mongodb.net/tantiv4
10 Dec, 2022 14:35:04 - info: Connected to MongoDB
10 Dec, 2022 14:35:05 - info: Listening on port - 8081
10 Dec, 2022 14:35:37 - info: Connecting to db: mongodb+srv://tantiv4:tantiv4@cluster0.hlyzu.mongodb.net/tantiv4
10 Dec, 2022 14:35:40 - info: Connected to MongoDB
10 Dec, 2022 14:35:41 - info: Listening on port - 8081
10 Dec, 2022 14:35:56 - info: Connecting to db: mongodb+srv://tantiv4:tantiv4@cluster0.hlyzu.mongodb.net/tantiv4
10 Dec, 2022 14:35:59 - info: Connecting to db: mongodb+srv://tantiv4:tantiv4@cluster0.hlyzu.mongodb.net/tantiv4
10 Dec, 2022 14:36:01 - info: Connected to MongoDB
10 Dec, 2022 14:36:02 - info: Listening on port - 8081
10 Dec, 2022 14:36:30 - info: Connecting to db: mongodb+srv://tantiv4:tantiv4@cluster0.hlyzu.mongodb.net/tantiv4
10 Dec, 2022 14:36:32 - info: Connected to MongoDB
10 Dec, 2022 14:36:33 - info: Listening on port - 8081
10 Dec, 2022 14:36:55 - info: Connecting to db: mongodb+srv://tantiv4:tantiv4@cluster0.hlyzu.mongodb.net/tantiv4
10 Dec, 2022 14:36:58 - info: Connected to MongoDB
10 Dec, 2022 14:36:58 - info: Listening on port - 8081
10 Dec, 2022 14:38:04 - info: Connecting to db: mongodb+srv://tantiv4:tantiv4@cluster0.hlyzu.mongodb.net/tantiv4
10 Dec, 2022 14:38:07 - info: Connected to MongoDB
10 Dec, 2022 14:38:07 - info: Listening on port - 8081
10 Dec, 2022 14:39:01 - info: Connecting to db: mongodb+srv://tantiv4:tantiv4@cluster0.hlyzu.mongodb.net/tantiv4
10 Dec, 2022 14:39:04 - info: Connected to MongoDB
10 Dec, 2022 14:39:05 - info: Listening on port - 8081
10 Dec, 2022 14:39:19 - info: Connecting to db: mongodb+srv://tantiv4:tantiv4@cluster0.hlyzu.mongodb.net/tantiv4
10 Dec, 2022 14:39:22 - info: Connected to MongoDB
10 Dec, 2022 14:39:23 - info: Listening on port - 8081
10 Dec, 2022 14:40:11 - info: Connecting to db: mongodb+srv://tantiv4:tantiv4@cluster0.hlyzu.mongodb.net/tantiv4
10 Dec, 2022 14:40:14 - info: Connecting to db: mongodb+srv://tantiv4:tantiv4@cluster0.hlyzu.mongodb.net/tantiv4
10 Dec, 2022 14:40:16 - info: Connected to MongoDB
10 Dec, 2022 14:40:17 - info: Listening on port - 8081
10 Dec, 2022 14:40:25 - info: Connecting to db: mongodb+srv://tantiv4:tantiv4@cluster0.hlyzu.mongodb.net/tantiv4
10 Dec, 2022 14:40:28 - info: Connected to MongoDB
10 Dec, 2022 14:40:29 - info: Listening on port - 8081
10 Dec, 2022 14:41:15 - info: Connecting to db: mongodb+srv://tantiv4:tantiv4@cluster0.hlyzu.mongodb.net/tantiv4
10 Dec, 2022 14:41:18 - info: Connected to MongoDB
10 Dec, 2022 14:41:18 - info: Listening on port - 8081
10 Dec, 2022 14:41:30 - info: Connecting to db: mongodb+srv://tantiv4:tantiv4@cluster0.hlyzu.mongodb.net/tantiv4
10 Dec, 2022 14:41:33 - info: Connected to MongoDB
10 Dec, 2022 14:41:34 - info: Listening on port - 8081
10 Dec, 2022 15:29:58 - info: Connecting to db: mongodb+srv://tantiv4:tantiv4@cluster0.hlyzu.mongodb.net/tantiv4
10 Dec, 2022 15:30:00 - info: Connected to MongoDB
10 Dec, 2022 15:30:01 - info: Listening on port - 8081
10 Dec, 2022 15:30:18 - info: Connecting to db: mongodb+srv://tantiv4:tantiv4@cluster0.hlyzu.mongodb.net/tantiv4
10 Dec, 2022 15:30:20 - info: Connected to MongoDB
10 Dec, 2022 15:30:21 - info: Listening on port - 8081
10 Dec, 2022 15:30:59 - info: Connecting to db: mongodb+srv://tantiv4:tantiv4@cluster0.hlyzu.mongodb.net/tantiv4
10 Dec, 2022 15:31:01 - info: Connected to MongoDB
10 Dec, 2022 15:31:02 - info: Listening on port - 8081
10 Dec, 2022 15:33:51 - info: Connecting to db: mongodb+srv://tantiv4:tantiv4@cluster0.hlyzu.mongodb.net/tantiv4
10 Dec, 2022 15:33:54 - info: Connected to MongoDB
10 Dec, 2022 15:33:55 - info: Listening on port - 8081
10 Dec, 2022 15:34:03 - info: Connecting to db: mongodb+srv://tantiv4:tantiv4@cluster0.hlyzu.mongodb.net/tantiv4
10 Dec, 2022 15:34:06 - info: Connected to MongoDB
10 Dec, 2022 15:34:06 - info: Listening on port - 8081
10 Dec, 2022 15:34:19 - info: Connecting to db: mongodb+srv://tantiv4:tantiv4@cluster0.hlyzu.mongodb.net/tantiv4
10 Dec, 2022 15:34:21 - info: Connected to MongoDB
10 Dec, 2022 15:34:22 - info: Listening on port - 8081
10 Dec, 2022 15:34:59 - info: Connecting to db: mongodb+srv://tantiv4:tantiv4@cluster0.hlyzu.mongodb.net/tantiv4
10 Dec, 2022 15:35:01 - info: Connected to MongoDB
10 Dec, 2022 15:35:03 - info: Connecting to db: mongodb+srv://tantiv4:tantiv4@cluster0.hlyzu.mongodb.net/tantiv4
10 Dec, 2022 15:35:06 - info: Connected to MongoDB
10 Dec, 2022 15:35:07 - info: Connecting to db: mongodb+srv://tantiv4:tantiv4@cluster0.hlyzu.mongodb.net/tantiv4
10 Dec, 2022 15:35:10 - info: Connected to MongoDB
10 Dec, 2022 15:35:11 - info: Listening on port - 8081
10 Dec, 2022 15:35:18 - info: Connecting to db: mongodb+srv://tantiv4:tantiv4@cluster0.hlyzu.mongodb.net/tantiv4
10 Dec, 2022 15:35:21 - info: Connected to MongoDB
10 Dec, 2022 15:35:21 - info: Listening on port - 8081
10 Dec, 2022 15:36:06 - info: Connecting to db: mongodb+srv://tantiv4:tantiv4@cluster0.hlyzu.mongodb.net/tantiv4
10 Dec, 2022 15:36:08 - info: Connected to MongoDB
10 Dec, 2022 15:36:09 - info: Listening on port - 8081
10 Dec, 2022 15:36:44 - info: Connecting to db: mongodb+srv://tantiv4:tantiv4@cluster0.hlyzu.mongodb.net/tantiv4
10 Dec, 2022 15:36:47 - info: Connected to MongoDB
10 Dec, 2022 15:36:47 - info: Listening on port - 8081
10 Dec, 2022 15:37:05 - info: Connecting to db: mongodb+srv://tantiv4:tantiv4@cluster0.hlyzu.mongodb.net/tantiv4
10 Dec, 2022 15:37:08 - info: Connected to MongoDB
10 Dec, 2022 15:37:09 - info: Listening on port - 8081
10 Dec, 2022 15:37:45 - info: Connecting to db: mongodb+srv://tantiv4:tantiv4@cluster0.hlyzu.mongodb.net/tantiv4
10 Dec, 2022 15:37:48 - info: Connected to MongoDB
10 Dec, 2022 15:37:49 - info: Listening on port - 8081
10 Dec, 2022 15:37:55 - info: Connecting to db: mongodb+srv://tantiv4:tantiv4@cluster0.hlyzu.mongodb.net/tantiv4
10 Dec, 2022 15:37:59 - info: Connected to MongoDB
10 Dec, 2022 15:37:59 - info: Listening on port - 8081
10 Dec, 2022 15:39:01 - info: Connecting to db: mongodb+srv://tantiv4:tantiv4@cluster0.hlyzu.mongodb.net/tantiv4
10 Dec, 2022 15:39:04 - info: Connected to MongoDB
10 Dec, 2022 15:39:05 - info: Listening on port - 8081
10 Dec, 2022 15:39:10 - info: Connecting to db: mongodb+srv://tantiv4:tantiv4@cluster0.hlyzu.mongodb.net/tantiv4
10 Dec, 2022 15:39:13 - info: Connected to MongoDB
10 Dec, 2022 15:39:13 - info: Listening on port - 8081
10 Dec, 2022 15:39:18 - info: Connecting to db: mongodb+srv://tantiv4:tantiv4@cluster0.hlyzu.mongodb.net/tantiv4
10 Dec, 2022 15:39:21 - info: Connected to MongoDB
10 Dec, 2022 15:39:21 - info: Listening on port - 8081
10 Dec, 2022 15:40:22 - info: Connecting to db: mongodb+srv://tantiv4:tantiv4@cluster0.hlyzu.mongodb.net/tantiv4
10 Dec, 2022 15:40:25 - info: Connected to MongoDB
10 Dec, 2022 15:40:25 - info: Listening on port - 8081
10 Dec, 2022 15:41:11 - info: Connecting to db: mongodb+srv://tantiv4:tantiv4@cluster0.hlyzu.mongodb.net/tantiv4
10 Dec, 2022 15:41:14 - info: Connected to MongoDB
10 Dec, 2022 15:41:14 - info: Listening on port - 8081
10 Dec, 2022 15:41:56 - info: Connecting to db: mongodb+srv://tantiv4:tantiv4@cluster0.hlyzu.mongodb.net/tantiv4
10 Dec, 2022 15:41:59 - info: Connecting to db: mongodb+srv://tantiv4:tantiv4@cluster0.hlyzu.mongodb.net/tantiv4
10 Dec, 2022 15:42:02 - info: Connected to MongoDB
10 Dec, 2022 15:42:03 - info: Listening on port - 8081
10 Dec, 2022 15:44:33 - info: Connecting to db: mongodb+srv://tantiv4:tantiv4@cluster0.hlyzu.mongodb.net/tantiv4
10 Dec, 2022 15:44:36 - info: Connected to MongoDB
10 Dec, 2022 15:44:37 - info: Listening on port - 8081
10 Dec, 2022 15:44:42 - error: pagination is not defined 
 ReferenceError: pagination is not defined
    at C:\Users\Arshad\Downloads\back-end-staging\tantiv4\routes\dashboard\dashboard.js:34:5
    at process.processTicksAndRejections (node:internal/process/task_queues:95:5)
10 Dec, 2022 15:44:53 - info: Connecting to db: mongodb+srv://tantiv4:tantiv4@cluster0.hlyzu.mongodb.net/tantiv4
10 Dec, 2022 15:44:56 - info: Connected to MongoDB
10 Dec, 2022 15:44:56 - info: Listening on port - 8081
10 Dec, 2022 15:48:22 - info: Connecting to db: mongodb+srv://tantiv4:tantiv4@cluster0.hlyzu.mongodb.net/tantiv4
10 Dec, 2022 15:48:25 - info: Connected to MongoDB
10 Dec, 2022 15:48:25 - info: Listening on port - 8081
10 Dec, 2022 15:48:50 - info: Connecting to db: mongodb+srv://tantiv4:tantiv4@cluster0.hlyzu.mongodb.net/tantiv4
10 Dec, 2022 15:48:53 - info: Connected to MongoDB
10 Dec, 2022 15:48:53 - info: Listening on port - 8081
10 Dec, 2022 15:49:50 - info: Connecting to db: mongodb+srv://tantiv4:tantiv4@cluster0.hlyzu.mongodb.net/tantiv4
10 Dec, 2022 15:49:53 - info: Connected to MongoDB
10 Dec, 2022 15:49:53 - info: Listening on port - 8081
10 Dec, 2022 15:51:40 - info: Connecting to db: mongodb+srv://tantiv4:tantiv4@cluster0.hlyzu.mongodb.net/tantiv4
10 Dec, 2022 15:51:43 - info: Connected to MongoDB
10 Dec, 2022 15:51:44 - info: Listening on port - 8081
10 Dec, 2022 15:55:16 - info: Connecting to db: mongodb+srv://tantiv4:tantiv4@cluster0.hlyzu.mongodb.net/tantiv4
10 Dec, 2022 15:55:19 - info: Connected to MongoDB
10 Dec, 2022 15:55:20 - info: Listening on port - 8081
10 Dec, 2022 15:55:35 - info: Connecting to db: mongodb+srv://tantiv4:tantiv4@cluster0.hlyzu.mongodb.net/tantiv4
10 Dec, 2022 15:55:38 - info: Connected to MongoDB
10 Dec, 2022 15:55:39 - info: Listening on port - 8081
10 Dec, 2022 15:56:01 - info: Connecting to db: mongodb+srv://tantiv4:tantiv4@cluster0.hlyzu.mongodb.net/tantiv4
10 Dec, 2022 15:56:03 - info: Connected to MongoDB
10 Dec, 2022 15:56:04 - info: Listening on port - 8081
10 Dec, 2022 15:58:22 - info: Connecting to db: mongodb+srv://tantiv4:tantiv4@cluster0.hlyzu.mongodb.net/tantiv4
10 Dec, 2022 15:58:25 - info: Connected to MongoDB
10 Dec, 2022 15:58:26 - info: Listening on port - 8081
10 Dec, 2022 16:00:23 - info: Connecting to db: mongodb+srv://tantiv4:tantiv4@cluster0.hlyzu.mongodb.net/tantiv4
10 Dec, 2022 16:00:26 - info: Connected to MongoDB
10 Dec, 2022 16:00:26 - info: Listening on port - 8081
10 Dec, 2022 16:00:36 - info: Connecting to db: mongodb+srv://tantiv4:tantiv4@cluster0.hlyzu.mongodb.net/tantiv4
10 Dec, 2022 16:00:39 - info: Connected to MongoDB
10 Dec, 2022 16:00:39 - info: Listening on port - 8081
10 Dec, 2022 16:04:06 - info: Connecting to db: mongodb+srv://tantiv4:tantiv4@cluster0.hlyzu.mongodb.net/tantiv4
10 Dec, 2022 16:04:08 - info: Connected to MongoDB
10 Dec, 2022 16:04:09 - info: Listening on port - 8081
10 Dec, 2022 16:04:24 - info: Connecting to db: mongodb+srv://tantiv4:tantiv4@cluster0.hlyzu.mongodb.net/tantiv4
10 Dec, 2022 16:04:27 - info: Connected to MongoDB
10 Dec, 2022 16:04:27 - info: Listening on port - 8081
10 Dec, 2022 16:04:38 - info: Connecting to db: mongodb+srv://tantiv4:tantiv4@cluster0.hlyzu.mongodb.net/tantiv4
10 Dec, 2022 16:04:40 - info: Connected to MongoDB
10 Dec, 2022 16:04:41 - info: Listening on port - 8081
10 Dec, 2022 16:04:46 - info: Connecting to db: mongodb+srv://tantiv4:tantiv4@cluster0.hlyzu.mongodb.net/tantiv4
10 Dec, 2022 16:04:49 - info: Connected to MongoDB
10 Dec, 2022 16:04:49 - info: Listening on port - 8081
10 Dec, 2022 16:07:22 - info: Connecting to db: mongodb+srv://tantiv4:tantiv4@cluster0.hlyzu.mongodb.net/tantiv4
10 Dec, 2022 16:07:25 - info: Connected to MongoDB
10 Dec, 2022 16:07:26 - info: Listening on port - 8081
10 Dec, 2022 16:07:52 - info: Connecting to db: mongodb+srv://tantiv4:tantiv4@cluster0.hlyzu.mongodb.net/tantiv4
10 Dec, 2022 16:07:55 - info: Connected to MongoDB
10 Dec, 2022 16:07:55 - info: Listening on port - 8081
10 Dec, 2022 16:09:49 - info: Connecting to db: mongodb+srv://tantiv4:tantiv4@cluster0.hlyzu.mongodb.net/tantiv4
10 Dec, 2022 16:09:52 - info: Connected to MongoDB
10 Dec, 2022 16:09:53 - info: Listening on port - 8081
10 Dec, 2022 16:10:04 - info: Connecting to db: mongodb+srv://tantiv4:tantiv4@cluster0.hlyzu.mongodb.net/tantiv4
10 Dec, 2022 16:10:07 - info: Connected to MongoDB
10 Dec, 2022 16:10:07 - info: Listening on port - 8081
10 Dec, 2022 16:10:13 - info: Connecting to db: mongodb+srv://tantiv4:tantiv4@cluster0.hlyzu.mongodb.net/tantiv4
10 Dec, 2022 16:10:15 - info: Connected to MongoDB
10 Dec, 2022 16:10:16 - info: Listening on port - 8081
10 Dec, 2022 16:10:18 - error: The field 'count' must be an accumulator object 
 MongoError: The field 'count' must be an accumulator object
    at MessageStream.messageHandler (C:\Users\Arshad\Downloads\back-end-staging\tantiv4\node_modules\mongodb\lib\cmap\connection.js:299:20)
    at MessageStream.emit (node:events:513:28)
    at processIncomingData (C:\Users\Arshad\Downloads\back-end-staging\tantiv4\node_modules\mongodb\lib\cmap\message_stream.js:144:12)
    at MessageStream._write (C:\Users\Arshad\Downloads\back-end-staging\tantiv4\node_modules\mongodb\lib\cmap\message_stream.js:42:5)
    at writeOrBuffer (node:internal/streams/writable:392:12)
    at _write (node:internal/streams/writable:333:10)
    at Writable.write (node:internal/streams/writable:337:10)
    at TLSSocket.ondata (node:internal/streams/readable:766:22)
    at TLSSocket.emit (node:events:513:28)
    at addChunk (node:internal/streams/readable:324:12)
    at readableAddChunk (node:internal/streams/readable:297:9)
    at Readable.push (node:internal/streams/readable:234:10)
    at TLSWrap.onStreamRead (node:internal/stream_base_commons:190:23)
10 Dec, 2022 16:11:21 - info: Connecting to db: mongodb+srv://tantiv4:tantiv4@cluster0.hlyzu.mongodb.net/tantiv4
10 Dec, 2022 16:11:24 - info: Connected to MongoDB
10 Dec, 2022 16:11:24 - info: Listening on port - 8081
10 Dec, 2022 16:11:28 - error: Analytic.distinctAndCount is not a function 
 TypeError: Analytic.distinctAndCount is not a function
    at C:\Users\Arshad\Downloads\back-end-staging\tantiv4\routes\dashboard\dashboard.js:28:36
    at process.processTicksAndRejections (node:internal/process/task_queues:95:5)
10 Dec, 2022 16:11:52 - info: Connecting to db: mongodb+srv://tantiv4:tantiv4@cluster0.hlyzu.mongodb.net/tantiv4
10 Dec, 2022 16:11:55 - info: Connected to MongoDB
10 Dec, 2022 16:11:56 - info: Listening on port - 8081
10 Dec, 2022 16:12:00 - info: Connecting to db: mongodb+srv://tantiv4:tantiv4@cluster0.hlyzu.mongodb.net/tantiv4
10 Dec, 2022 16:12:03 - info: Connected to MongoDB
10 Dec, 2022 16:12:04 - info: Listening on port - 8081
10 Dec, 2022 16:14:55 - info: Connecting to db: mongodb+srv://tantiv4:tantiv4@cluster0.hlyzu.mongodb.net/tantiv4
10 Dec, 2022 16:14:58 - info: Connected to MongoDB
10 Dec, 2022 16:14:58 - info: Listening on port - 8081
10 Dec, 2022 16:15:02 - info: Connecting to db: mongodb+srv://tantiv4:tantiv4@cluster0.hlyzu.mongodb.net/tantiv4
10 Dec, 2022 16:15:05 - info: Connected to MongoDB
10 Dec, 2022 16:15:05 - info: Listening on port - 8081
10 Dec, 2022 16:17:05 - info: Connecting to db: mongodb+srv://tantiv4:tantiv4@cluster0.hlyzu.mongodb.net/tantiv4
10 Dec, 2022 16:17:08 - info: Connected to MongoDB
10 Dec, 2022 16:17:08 - info: Listening on port - 8081
10 Dec, 2022 16:17:12 - error: $hostName is not defined 
 ReferenceError: $hostName is not defined
    at C:\Users\Arshad\Downloads\back-end-staging\tantiv4\routes\dashboard\dashboard.js:75:21
    at newFn (C:\Users\Arshad\Downloads\back-end-staging\tantiv4\node_modules\express-async-errors\index.js:16:20)
    at Layer.handle [as handle_request] (C:\Users\Arshad\Downloads\back-end-staging\tantiv4\node_modules\express\lib\router\layer.js:95:5)
    at next (C:\Users\Arshad\Downloads\back-end-staging\tantiv4\node_modules\express\lib\router\route.js:137:13)
    at C:\Users\Arshad\Downloads\back-end-staging\tantiv4\middleware\auth.js:60:7
    at process.processTicksAndRejections (node:internal/process/task_queues:95:5)
10 Dec, 2022 16:17:35 - info: Connecting to db: mongodb+srv://tantiv4:tantiv4@cluster0.hlyzu.mongodb.net/tantiv4
10 Dec, 2022 16:17:38 - info: Connected to MongoDB
10 Dec, 2022 16:17:38 - info: Listening on port - 8081
10 Dec, 2022 16:18:54 - info: Connecting to db: mongodb+srv://tantiv4:tantiv4@cluster0.hlyzu.mongodb.net/tantiv4
10 Dec, 2022 16:18:57 - info: Connected to MongoDB
10 Dec, 2022 16:18:58 - info: Listening on port - 8081
10 Dec, 2022 16:19:24 - info: Connecting to db: mongodb+srv://tantiv4:tantiv4@cluster0.hlyzu.mongodb.net/tantiv4
10 Dec, 2022 16:19:26 - info: Connected to MongoDB
10 Dec, 2022 16:19:27 - info: Listening on port - 8081
10 Dec, 2022 16:19:35 - info: Connecting to db: mongodb+srv://tantiv4:tantiv4@cluster0.hlyzu.mongodb.net/tantiv4
10 Dec, 2022 16:19:38 - info: Connected to MongoDB
10 Dec, 2022 16:19:38 - info: Listening on port - 8081
10 Dec, 2022 19:43:57 - info: Connecting to db: mongodb+srv://tantiv4:tantiv4@cluster0.hlyzu.mongodb.net/tantiv4
10 Dec, 2022 19:44:00 - info: Connected to MongoDB
10 Dec, 2022 19:44:00 - info: Listening on port - 8081
10 Dec, 2022 19:45:28 - info: Connecting to db: mongodb+srv://tantiv4:tantiv4@cluster0.hlyzu.mongodb.net/tantiv4
10 Dec, 2022 19:45:31 - info: Connected to MongoDB
10 Dec, 2022 19:45:31 - info: Listening on port - 8081
10 Dec, 2022 19:46:44 - info: Connecting to db: mongodb+srv://tantiv4:tantiv4@cluster0.hlyzu.mongodb.net/tantiv4
10 Dec, 2022 19:46:47 - info: Connected to MongoDB
10 Dec, 2022 19:46:48 - info: Listening on port - 8081
10 Dec, 2022 19:48:02 - info: Connecting to db: mongodb+srv://tantiv4:tantiv4@cluster0.hlyzu.mongodb.net/tantiv4
10 Dec, 2022 19:48:05 - info: Connected to MongoDB
10 Dec, 2022 19:48:05 - info: Listening on port - 8081
10 Dec, 2022 19:49:41 - info: Connecting to db: mongodb+srv://tantiv4:tantiv4@cluster0.hlyzu.mongodb.net/tantiv4
10 Dec, 2022 19:49:44 - info: Connected to MongoDB
10 Dec, 2022 19:49:45 - info: Listening on port - 8081
10 Dec, 2022 19:50:38 - info: Connecting to db: mongodb+srv://tantiv4:tantiv4@cluster0.hlyzu.mongodb.net/tantiv4
10 Dec, 2022 19:50:41 - info: Connected to MongoDB
10 Dec, 2022 19:50:42 - info: Listening on port - 8081
10 Dec, 2022 19:51:03 - info: Connecting to db: mongodb+srv://tantiv4:tantiv4@cluster0.hlyzu.mongodb.net/tantiv4
10 Dec, 2022 19:51:06 - info: Connecting to db: mongodb+srv://tantiv4:tantiv4@cluster0.hlyzu.mongodb.net/tantiv4
10 Dec, 2022 19:51:09 - info: Connected to MongoDB
10 Dec, 2022 19:51:09 - info: Listening on port - 8081
10 Dec, 2022 19:51:11 - info: Connecting to db: mongodb+srv://tantiv4:tantiv4@cluster0.hlyzu.mongodb.net/tantiv4
10 Dec, 2022 19:51:13 - info: Connected to MongoDB
10 Dec, 2022 19:51:14 - info: Listening on port - 8081
10 Dec, 2022 19:51:37 - info: Connecting to db: mongodb+srv://tantiv4:tantiv4@cluster0.hlyzu.mongodb.net/tantiv4
10 Dec, 2022 19:51:39 - info: Connected to MongoDB
10 Dec, 2022 19:51:40 - info: Listening on port - 8081
10 Dec, 2022 19:52:22 - info: Connecting to db: mongodb+srv://tantiv4:tantiv4@cluster0.hlyzu.mongodb.net/tantiv4
10 Dec, 2022 19:52:25 - info: Connected to MongoDB
10 Dec, 2022 19:52:25 - info: Listening on port - 8081
10 Dec, 2022 19:52:27 - info: Connecting to db: mongodb+srv://tantiv4:tantiv4@cluster0.hlyzu.mongodb.net/tantiv4
10 Dec, 2022 19:52:30 - info: Connected to MongoDB
10 Dec, 2022 19:52:31 - info: Listening on port - 8081
10 Dec, 2022 19:54:22 - info: Connecting to db: mongodb+srv://tantiv4:tantiv4@cluster0.hlyzu.mongodb.net/tantiv4
10 Dec, 2022 19:54:25 - info: Connected to MongoDB
10 Dec, 2022 19:54:26 - info: Listening on port - 8081
10 Dec, 2022 19:55:17 - info: Connecting to db: mongodb+srv://tantiv4:tantiv4@cluster0.hlyzu.mongodb.net/tantiv4
10 Dec, 2022 19:55:20 - info: Connected to MongoDB
10 Dec, 2022 19:55:20 - info: Listening on port - 8081
10 Dec, 2022 19:57:05 - info: Connecting to db: mongodb+srv://tantiv4:tantiv4@cluster0.hlyzu.mongodb.net/tantiv4
10 Dec, 2022 19:57:06 - info: Connecting to db: mongodb+srv://tantiv4:tantiv4@cluster0.hlyzu.mongodb.net/tantiv4
10 Dec, 2022 19:57:09 - info: Connected to MongoDB
10 Dec, 2022 19:57:10 - info: Listening on port - 8081
10 Dec, 2022 20:09:25 - info: Connecting to db: mongodb+srv://tantiv4:tantiv4@cluster0.hlyzu.mongodb.net/tantiv4
10 Dec, 2022 20:09:28 - info: Connected to MongoDB
10 Dec, 2022 20:09:28 - info: Listening on port - 8081
11 Dec, 2022 02:28:11 - info: Connecting to db: mongodb+srv://tantiv4:tantiv4@cluster0.hlyzu.mongodb.net/tantiv4
11 Dec, 2022 02:28:14 - info: Connected to MongoDB
11 Dec, 2022 02:28:15 - info: Listening on port - 8081
11 Dec, 2022 11:03:27 - info: Connecting to db: mongodb+srv://tantiv4:tantiv4@cluster0.hlyzu.mongodb.net/tantiv4
11 Dec, 2022 11:03:30 - info: Connected to MongoDB
11 Dec, 2022 11:03:31 - info: Listening on port - 8081
11 Dec, 2022 12:27:19 - info: Connecting to db: mongodb+srv://tantiv4:tantiv4@cluster0.hlyzu.mongodb.net/tantiv4
11 Dec, 2022 12:27:22 - info: Connected to MongoDB
11 Dec, 2022 12:27:23 - info: Listening on port - 8081
11 Dec, 2022 12:27:32 - info: Connecting to db: mongodb+srv://tantiv4:tantiv4@cluster0.hlyzu.mongodb.net/tantiv4
11 Dec, 2022 12:27:35 - info: Connected to MongoDB
11 Dec, 2022 12:27:36 - info: Listening on port - 8081
11 Dec, 2022 12:28:21 - info: Connecting to db: mongodb+srv://tantiv4:tantiv4@cluster0.hlyzu.mongodb.net/tantiv4
11 Dec, 2022 12:28:25 - info: Connected to MongoDB
11 Dec, 2022 12:28:25 - info: Listening on port - 8081
11 Dec, 2022 14:28:52 - info: Connecting to db: mongodb+srv://tantiv4:tantiv4@cluster0.hlyzu.mongodb.net/tantiv4
11 Dec, 2022 20:02:19 - info: Connecting to db: mongodb+srv://tantiv4:tantiv4@cluster0.hlyzu.mongodb.net/tantiv4
11 Dec, 2022 20:02:22 - info: Connected to MongoDB
11 Dec, 2022 20:02:22 - info: Listening on port - 8081
11 Dec, 2022 21:28:41 - info: Connecting to db: mongodb+srv://tantiv4:tantiv4@cluster0.hlyzu.mongodb.net/tantiv4
11 Dec, 2022 21:28:44 - info: Connected to MongoDB
11 Dec, 2022 21:28:45 - info: Listening on port - 8081
11 Dec, 2022 21:37:25 - info: Connecting to db: mongodb+srv://tantiv4:tantiv4@cluster0.hlyzu.mongodb.net/tantiv4
11 Dec, 2022 21:37:28 - info: Connected to MongoDB
11 Dec, 2022 21:37:29 - info: Listening on port - 8081
11 Dec, 2022 21:37:32 - error: The $sum accumulator is a unary operator 
 MongoError: The $sum accumulator is a unary operator
    at MessageStream.messageHandler (D:\int\back-end-staging\tantiv4\node_modules\mongodb\lib\cmap\connection.js:299:20)
    at MessageStream.emit (node:events:513:28)
    at processIncomingData (D:\int\back-end-staging\tantiv4\node_modules\mongodb\lib\cmap\message_stream.js:144:12)
    at MessageStream._write (D:\int\back-end-staging\tantiv4\node_modules\mongodb\lib\cmap\message_stream.js:42:5)
    at writeOrBuffer (node:internal/streams/writable:392:12)
    at _write (node:internal/streams/writable:333:10)
    at Writable.write (node:internal/streams/writable:337:10)
    at TLSSocket.ondata (node:internal/streams/readable:766:22)
    at TLSSocket.emit (node:events:513:28)
    at addChunk (node:internal/streams/readable:324:12)
    at readableAddChunk (node:internal/streams/readable:297:9)
    at Readable.push (node:internal/streams/readable:234:10)
    at TLSWrap.onStreamRead (node:internal/stream_base_commons:190:23)
11 Dec, 2022 21:37:33 - error: The $sum accumulator is a unary operator 
 MongoError: The $sum accumulator is a unary operator
    at MessageStream.messageHandler (D:\int\back-end-staging\tantiv4\node_modules\mongodb\lib\cmap\connection.js:299:20)
    at MessageStream.emit (node:events:513:28)
    at processIncomingData (D:\int\back-end-staging\tantiv4\node_modules\mongodb\lib\cmap\message_stream.js:144:12)
    at MessageStream._write (D:\int\back-end-staging\tantiv4\node_modules\mongodb\lib\cmap\message_stream.js:42:5)
    at writeOrBuffer (node:internal/streams/writable:392:12)
    at _write (node:internal/streams/writable:333:10)
    at Writable.write (node:internal/streams/writable:337:10)
    at TLSSocket.ondata (node:internal/streams/readable:766:22)
    at TLSSocket.emit (node:events:513:28)
    at addChunk (node:internal/streams/readable:324:12)
    at readableAddChunk (node:internal/streams/readable:297:9)
    at Readable.push (node:internal/streams/readable:234:10)
    at TLSWrap.onStreamRead (node:internal/stream_base_commons:190:23)
11 Dec, 2022 21:39:38 - info: Connecting to db: mongodb+srv://tantiv4:tantiv4@cluster0.hlyzu.mongodb.net/tantiv4
11 Dec, 2022 21:39:41 - info: Connected to MongoDB
11 Dec, 2022 21:39:42 - info: Listening on port - 8081
11 Dec, 2022 21:39:46 - error: The $sum accumulator is a unary operator 
 MongoError: The $sum accumulator is a unary operator
    at MessageStream.messageHandler (D:\int\back-end-staging\tantiv4\node_modules\mongodb\lib\cmap\connection.js:299:20)
    at MessageStream.emit (node:events:513:28)
    at processIncomingData (D:\int\back-end-staging\tantiv4\node_modules\mongodb\lib\cmap\message_stream.js:144:12)
    at MessageStream._write (D:\int\back-end-staging\tantiv4\node_modules\mongodb\lib\cmap\message_stream.js:42:5)
    at writeOrBuffer (node:internal/streams/writable:392:12)
    at _write (node:internal/streams/writable:333:10)
    at Writable.write (node:internal/streams/writable:337:10)
    at TLSSocket.ondata (node:internal/streams/readable:766:22)
    at TLSSocket.emit (node:events:513:28)
    at addChunk (node:internal/streams/readable:324:12)
    at readableAddChunk (node:internal/streams/readable:297:9)
    at Readable.push (node:internal/streams/readable:234:10)
    at TLSWrap.onStreamRead (node:internal/stream_base_commons:190:23)
11 Dec, 2022 21:39:47 - error: The $sum accumulator is a unary operator 
 MongoError: The $sum accumulator is a unary operator
    at MessageStream.messageHandler (D:\int\back-end-staging\tantiv4\node_modules\mongodb\lib\cmap\connection.js:299:20)
    at MessageStream.emit (node:events:513:28)
    at processIncomingData (D:\int\back-end-staging\tantiv4\node_modules\mongodb\lib\cmap\message_stream.js:144:12)
    at MessageStream._write (D:\int\back-end-staging\tantiv4\node_modules\mongodb\lib\cmap\message_stream.js:42:5)
    at writeOrBuffer (node:internal/streams/writable:392:12)
    at _write (node:internal/streams/writable:333:10)
    at Writable.write (node:internal/streams/writable:337:10)
    at TLSSocket.ondata (node:internal/streams/readable:766:22)
    at TLSSocket.emit (node:events:513:28)
    at addChunk (node:internal/streams/readable:324:12)
    at readableAddChunk (node:internal/streams/readable:297:9)
    at Readable.push (node:internal/streams/readable:234:10)
    at TLSWrap.onStreamRead (node:internal/stream_base_commons:190:23)
11 Dec, 2022 21:43:30 - info: Connecting to db: mongodb+srv://tantiv4:tantiv4@cluster0.hlyzu.mongodb.net/tantiv4
11 Dec, 2022 21:43:33 - info: Connected to MongoDB
11 Dec, 2022 21:43:34 - info: Listening on port - 8081
11 Dec, 2022 21:43:42 - info: Connecting to db: mongodb+srv://tantiv4:tantiv4@cluster0.hlyzu.mongodb.net/tantiv4
11 Dec, 2022 21:43:45 - info: Connected to MongoDB
11 Dec, 2022 21:43:45 - info: Listening on port - 8081
11 Dec, 2022 21:43:48 - error: The $add accumulator is a unary operator 
 MongoError: The $add accumulator is a unary operator
    at MessageStream.messageHandler (D:\int\back-end-staging\tantiv4\node_modules\mongodb\lib\cmap\connection.js:299:20)
    at MessageStream.emit (node:events:513:28)
    at processIncomingData (D:\int\back-end-staging\tantiv4\node_modules\mongodb\lib\cmap\message_stream.js:144:12)
    at MessageStream._write (D:\int\back-end-staging\tantiv4\node_modules\mongodb\lib\cmap\message_stream.js:42:5)
    at writeOrBuffer (node:internal/streams/writable:392:12)
    at _write (node:internal/streams/writable:333:10)
    at Writable.write (node:internal/streams/writable:337:10)
    at TLSSocket.ondata (node:internal/streams/readable:766:22)
    at TLSSocket.emit (node:events:513:28)
    at addChunk (node:internal/streams/readable:324:12)
    at readableAddChunk (node:internal/streams/readable:297:9)
    at Readable.push (node:internal/streams/readable:234:10)
    at TLSWrap.onStreamRead (node:internal/stream_base_commons:190:23)
11 Dec, 2022 21:43:49 - error: The $add accumulator is a unary operator 
 MongoError: The $add accumulator is a unary operator
    at MessageStream.messageHandler (D:\int\back-end-staging\tantiv4\node_modules\mongodb\lib\cmap\connection.js:299:20)
    at MessageStream.emit (node:events:513:28)
    at processIncomingData (D:\int\back-end-staging\tantiv4\node_modules\mongodb\lib\cmap\message_stream.js:144:12)
    at MessageStream._write (D:\int\back-end-staging\tantiv4\node_modules\mongodb\lib\cmap\message_stream.js:42:5)
    at writeOrBuffer (node:internal/streams/writable:392:12)
    at _write (node:internal/streams/writable:333:10)
    at Writable.write (node:internal/streams/writable:337:10)
    at TLSSocket.ondata (node:internal/streams/readable:766:22)
    at TLSSocket.emit (node:events:513:28)
    at addChunk (node:internal/streams/readable:324:12)
    at readableAddChunk (node:internal/streams/readable:297:9)
    at Readable.push (node:internal/streams/readable:234:10)
    at TLSWrap.onStreamRead (node:internal/stream_base_commons:190:23)
11 Dec, 2022 21:45:40 - info: Connecting to db: mongodb+srv://tantiv4:tantiv4@cluster0.hlyzu.mongodb.net/tantiv4
11 Dec, 2022 21:45:43 - info: Connected to MongoDB
11 Dec, 2022 21:45:43 - info: Listening on port - 8081
11 Dec, 2022 21:55:34 - info: Connecting to db: mongodb+srv://tantiv4:tantiv4@cluster0.hlyzu.mongodb.net/tantiv4
11 Dec, 2022 21:55:37 - info: Connected to MongoDB
11 Dec, 2022 21:55:37 - info: Listening on port - 8081
11 Dec, 2022 21:56:02 - info: Connecting to db: mongodb+srv://tantiv4:tantiv4@cluster0.hlyzu.mongodb.net/tantiv4
11 Dec, 2022 21:56:05 - info: Connected to MongoDB
11 Dec, 2022 21:56:07 - info: Listening on port - 8081
11 Dec, 2022 21:57:15 - info: Connecting to db: mongodb+srv://tantiv4:tantiv4@cluster0.hlyzu.mongodb.net/tantiv4
11 Dec, 2022 21:57:18 - info: Connected to MongoDB
11 Dec, 2022 21:57:19 - info: Listening on port - 8081
11 Dec, 2022 22:06:12 - info: Connecting to db: mongodb+srv://tantiv4:tantiv4@cluster0.hlyzu.mongodb.net/tantiv4
11 Dec, 2022 22:06:15 - info: Connected to MongoDB
11 Dec, 2022 22:06:15 - info: Listening on port - 8081
11 Dec, 2022 22:06:39 - info: Connecting to db: mongodb+srv://tantiv4:tantiv4@cluster0.hlyzu.mongodb.net/tantiv4
11 Dec, 2022 22:06:41 - info: Connected to MongoDB
11 Dec, 2022 22:06:42 - info: Listening on port - 8081
11 Dec, 2022 22:06:49 - info: Connecting to db: mongodb+srv://tantiv4:tantiv4@cluster0.hlyzu.mongodb.net/tantiv4
11 Dec, 2022 22:06:51 - info: Connected to MongoDB
11 Dec, 2022 22:06:52 - info: Listening on port - 8081
11 Dec, 2022 22:06:59 - info: Connecting to db: mongodb+srv://tantiv4:tantiv4@cluster0.hlyzu.mongodb.net/tantiv4
11 Dec, 2022 22:07:02 - info: Connected to MongoDB
11 Dec, 2022 22:07:02 - info: Listening on port - 8081
11 Dec, 2022 23:58:24 - info: Connecting to db: mongodb+srv://tantiv4:tantiv4@cluster0.hlyzu.mongodb.net/tantiv4
11 Dec, 2022 23:58:27 - info: Connected to MongoDB
11 Dec, 2022 23:58:28 - info: Listening on port - 8081
