10 Dec, 2022 12:50:19 - error: Settings are not available 
 Error: Settings are not available
    at startApp (C:\Users\Arshad\Downloads\back-end-staging\tantiv4\app.js:34:11)
    at process.processTicksAndRejections (node:internal/process/task_queues:95:5)
10 Dec, 2022 12:52:32 - error: Settings are not available 
 Error: Settings are not available
    at startApp (C:\Users\Arshad\Downloads\back-end-staging\tantiv4\app.js:34:11)
    at process.processTicksAndRejections (node:internal/process/task_queues:95:5)
10 Dec, 2022 15:44:42 - error: pagination is not defined 
 ReferenceError: pagination is not defined
    at C:\Users\Arshad\Downloads\back-end-staging\tantiv4\routes\dashboard\dashboard.js:34:5
    at process.processTicksAndRejections (node:internal/process/task_queues:95:5)
10 Dec, 2022 16:10:18 - error: The field 'count' must be an accumulator object 
 MongoError: The field 'count' must be an accumulator object
    at MessageStream.messageHandler (C:\Users\Arshad\Downloads\back-end-staging\tantiv4\node_modules\mongodb\lib\cmap\connection.js:299:20)
    at MessageStream.emit (node:events:513:28)
    at processIncomingData (C:\Users\Arshad\Downloads\back-end-staging\tantiv4\node_modules\mongodb\lib\cmap\message_stream.js:144:12)
    at MessageStream._write (C:\Users\Arshad\Downloads\back-end-staging\tantiv4\node_modules\mongodb\lib\cmap\message_stream.js:42:5)
    at writeOrBuffer (node:internal/streams/writable:392:12)
    at _write (node:internal/streams/writable:333:10)
    at Writable.write (node:internal/streams/writable:337:10)
    at TLSSocket.ondata (node:internal/streams/readable:766:22)
    at TLSSocket.emit (node:events:513:28)
    at addChunk (node:internal/streams/readable:324:12)
    at readableAddChunk (node:internal/streams/readable:297:9)
    at Readable.push (node:internal/streams/readable:234:10)
    at TLSWrap.onStreamRead (node:internal/stream_base_commons:190:23)
10 Dec, 2022 16:11:28 - error: Analytic.distinctAndCount is not a function 
 TypeError: Analytic.distinctAndCount is not a function
    at C:\Users\Arshad\Downloads\back-end-staging\tantiv4\routes\dashboard\dashboard.js:28:36
    at process.processTicksAndRejections (node:internal/process/task_queues:95:5)
10 Dec, 2022 16:17:12 - error: $hostName is not defined 
 ReferenceError: $hostName is not defined
    at C:\Users\Arshad\Downloads\back-end-staging\tantiv4\routes\dashboard\dashboard.js:75:21
    at newFn (C:\Users\Arshad\Downloads\back-end-staging\tantiv4\node_modules\express-async-errors\index.js:16:20)
    at Layer.handle [as handle_request] (C:\Users\Arshad\Downloads\back-end-staging\tantiv4\node_modules\express\lib\router\layer.js:95:5)
    at next (C:\Users\Arshad\Downloads\back-end-staging\tantiv4\node_modules\express\lib\router\route.js:137:13)
    at C:\Users\Arshad\Downloads\back-end-staging\tantiv4\middleware\auth.js:60:7
    at process.processTicksAndRejections (node:internal/process/task_queues:95:5)
11 Dec, 2022 21:37:32 - error: The $sum accumulator is a unary operator 
 MongoError: The $sum accumulator is a unary operator
    at MessageStream.messageHandler (D:\int\back-end-staging\tantiv4\node_modules\mongodb\lib\cmap\connection.js:299:20)
    at MessageStream.emit (node:events:513:28)
    at processIncomingData (D:\int\back-end-staging\tantiv4\node_modules\mongodb\lib\cmap\message_stream.js:144:12)
    at MessageStream._write (D:\int\back-end-staging\tantiv4\node_modules\mongodb\lib\cmap\message_stream.js:42:5)
    at writeOrBuffer (node:internal/streams/writable:392:12)
    at _write (node:internal/streams/writable:333:10)
    at Writable.write (node:internal/streams/writable:337:10)
    at TLSSocket.ondata (node:internal/streams/readable:766:22)
    at TLSSocket.emit (node:events:513:28)
    at addChunk (node:internal/streams/readable:324:12)
    at readableAddChunk (node:internal/streams/readable:297:9)
    at Readable.push (node:internal/streams/readable:234:10)
    at TLSWrap.onStreamRead (node:internal/stream_base_commons:190:23)
11 Dec, 2022 21:37:33 - error: The $sum accumulator is a unary operator 
 MongoError: The $sum accumulator is a unary operator
    at MessageStream.messageHandler (D:\int\back-end-staging\tantiv4\node_modules\mongodb\lib\cmap\connection.js:299:20)
    at MessageStream.emit (node:events:513:28)
    at processIncomingData (D:\int\back-end-staging\tantiv4\node_modules\mongodb\lib\cmap\message_stream.js:144:12)
    at MessageStream._write (D:\int\back-end-staging\tantiv4\node_modules\mongodb\lib\cmap\message_stream.js:42:5)
    at writeOrBuffer (node:internal/streams/writable:392:12)
    at _write (node:internal/streams/writable:333:10)
    at Writable.write (node:internal/streams/writable:337:10)
    at TLSSocket.ondata (node:internal/streams/readable:766:22)
    at TLSSocket.emit (node:events:513:28)
    at addChunk (node:internal/streams/readable:324:12)
    at readableAddChunk (node:internal/streams/readable:297:9)
    at Readable.push (node:internal/streams/readable:234:10)
    at TLSWrap.onStreamRead (node:internal/stream_base_commons:190:23)
11 Dec, 2022 21:39:46 - error: The $sum accumulator is a unary operator 
 MongoError: The $sum accumulator is a unary operator
    at MessageStream.messageHandler (D:\int\back-end-staging\tantiv4\node_modules\mongodb\lib\cmap\connection.js:299:20)
    at MessageStream.emit (node:events:513:28)
    at processIncomingData (D:\int\back-end-staging\tantiv4\node_modules\mongodb\lib\cmap\message_stream.js:144:12)
    at MessageStream._write (D:\int\back-end-staging\tantiv4\node_modules\mongodb\lib\cmap\message_stream.js:42:5)
    at writeOrBuffer (node:internal/streams/writable:392:12)
    at _write (node:internal/streams/writable:333:10)
    at Writable.write (node:internal/streams/writable:337:10)
    at TLSSocket.ondata (node:internal/streams/readable:766:22)
    at TLSSocket.emit (node:events:513:28)
    at addChunk (node:internal/streams/readable:324:12)
    at readableAddChunk (node:internal/streams/readable:297:9)
    at Readable.push (node:internal/streams/readable:234:10)
    at TLSWrap.onStreamRead (node:internal/stream_base_commons:190:23)
11 Dec, 2022 21:39:47 - error: The $sum accumulator is a unary operator 
 MongoError: The $sum accumulator is a unary operator
    at MessageStream.messageHandler (D:\int\back-end-staging\tantiv4\node_modules\mongodb\lib\cmap\connection.js:299:20)
    at MessageStream.emit (node:events:513:28)
    at processIncomingData (D:\int\back-end-staging\tantiv4\node_modules\mongodb\lib\cmap\message_stream.js:144:12)
    at MessageStream._write (D:\int\back-end-staging\tantiv4\node_modules\mongodb\lib\cmap\message_stream.js:42:5)
    at writeOrBuffer (node:internal/streams/writable:392:12)
    at _write (node:internal/streams/writable:333:10)
    at Writable.write (node:internal/streams/writable:337:10)
    at TLSSocket.ondata (node:internal/streams/readable:766:22)
    at TLSSocket.emit (node:events:513:28)
    at addChunk (node:internal/streams/readable:324:12)
    at readableAddChunk (node:internal/streams/readable:297:9)
    at Readable.push (node:internal/streams/readable:234:10)
    at TLSWrap.onStreamRead (node:internal/stream_base_commons:190:23)
11 Dec, 2022 21:43:48 - error: The $add accumulator is a unary operator 
 MongoError: The $add accumulator is a unary operator
    at MessageStream.messageHandler (D:\int\back-end-staging\tantiv4\node_modules\mongodb\lib\cmap\connection.js:299:20)
    at MessageStream.emit (node:events:513:28)
    at processIncomingData (D:\int\back-end-staging\tantiv4\node_modules\mongodb\lib\cmap\message_stream.js:144:12)
    at MessageStream._write (D:\int\back-end-staging\tantiv4\node_modules\mongodb\lib\cmap\message_stream.js:42:5)
    at writeOrBuffer (node:internal/streams/writable:392:12)
    at _write (node:internal/streams/writable:333:10)
    at Writable.write (node:internal/streams/writable:337:10)
    at TLSSocket.ondata (node:internal/streams/readable:766:22)
    at TLSSocket.emit (node:events:513:28)
    at addChunk (node:internal/streams/readable:324:12)
    at readableAddChunk (node:internal/streams/readable:297:9)
    at Readable.push (node:internal/streams/readable:234:10)
    at TLSWrap.onStreamRead (node:internal/stream_base_commons:190:23)
11 Dec, 2022 21:43:49 - error: The $add accumulator is a unary operator 
 MongoError: The $add accumulator is a unary operator
    at MessageStream.messageHandler (D:\int\back-end-staging\tantiv4\node_modules\mongodb\lib\cmap\connection.js:299:20)
    at MessageStream.emit (node:events:513:28)
    at processIncomingData (D:\int\back-end-staging\tantiv4\node_modules\mongodb\lib\cmap\message_stream.js:144:12)
    at MessageStream._write (D:\int\back-end-staging\tantiv4\node_modules\mongodb\lib\cmap\message_stream.js:42:5)
    at writeOrBuffer (node:internal/streams/writable:392:12)
    at _write (node:internal/streams/writable:333:10)
    at Writable.write (node:internal/streams/writable:337:10)
    at TLSSocket.ondata (node:internal/streams/readable:766:22)
    at TLSSocket.emit (node:events:513:28)
    at addChunk (node:internal/streams/readable:324:12)
    at readableAddChunk (node:internal/streams/readable:297:9)
    at Readable.push (node:internal/streams/readable:234:10)
    at TLSWrap.onStreamRead (node:internal/stream_base_commons:190:23)
